Batch started: Sat Mar 21 13:29:02 EDT 2026
ROOT=/Users/csev/Desktop/teach/ca4e-media
WHISPER=whisper-cli
MODEL=/Users/csev/models/ggml-medium.bin
VOCAB_FILE=/Users/csev/Desktop/teach/ca4e-media/whisper-vocabulary.txt
LOG_FILE=/Users/csev/Desktop/teach/ca4e-media/whisper-batch.log
SUPPORTS_PROMPT=1
TEMP_SUFFIX=.whisper-temp.wav
==================================================
SKIP: /Users/csev/Desktop/teach/ca4e-media/00-Welcome/00-01-Intro.m4v (found 00-01-Intro.txt)
SKIP: /Users/csev/Desktop/teach/ca4e-media/01-Origins/01-01-Origins-StoneHenge.m4v (found 01-01-Origins-StoneHenge.txt)
SKIP: /Users/csev/Desktop/teach/ca4e-media/01-Origins/01-02-Origins-SlideRule.m4v (found 01-02-Origins-SlideRule.txt)
SKIP: /Users/csev/Desktop/teach/ca4e-media/01-Origins/01-03-Origins-Digital.m4v (found 01-03-Origins-Digital.txt)
SKIP: /Users/csev/Desktop/teach/ca4e-media/01-Origins/01-04-Origins-Iteration.m4v (found 01-04-Origins-Iteration.txt)
SKIP: /Users/csev/Desktop/teach/ca4e-media/02-SolidState/02-01-SolidState-Tubes.m4v (found 02-01-SolidState-Tubes.txt)
SKIP: /Users/csev/Desktop/teach/ca4e-media/02-SolidState/02-02-SolidState-Transistor.m4v (found 02-02-SolidState-Transistor.txt)
SKIP: /Users/csev/Desktop/teach/ca4e-media/02-SolidState/02-03-SolidState-Gates.m4v (found 02-03-SolidState-Gates.txt)
SKIP: /Users/csev/Desktop/teach/ca4e-media/02-SolidState/02-10-SolidState-CMOS-Nor.m4v (found 02-10-SolidState-CMOS-Nor.txt)
SKIP: /Users/csev/Desktop/teach/ca4e-media/03-VLSI/03-04-SolidState-Wafers.m4v (found 03-04-SolidState-Wafers.txt)
SKIP: /Users/csev/Desktop/teach/ca4e-media/03-VLSI/03-05-SolidState-VLSI.m4v (found 03-05-SolidState-VLSI.txt)
SKIP: /Users/csev/Desktop/teach/ca4e-media/03-VLSI/03-11-SolidState-VLSI-Not.m4v (found 03-11-SolidState-VLSI-Not.txt)
SKIP: /Users/csev/Desktop/teach/ca4e-media/03-VLSI/03-12-SolidState-VLSI-Nand.m4v (found 03-12-SolidState-VLSI-Nand.txt)
SKIP: /Users/csev/Desktop/teach/ca4e-media/04-DigitalLogic/04-01-Digital-Arch.m4v (found 04-01-Digital-Arch.txt)
SKIP: /Users/csev/Desktop/teach/ca4e-media/04-DigitalLogic/04-02-Digital-Gates.m4v (found 04-02-Digital-Gates.txt)
SKIP: /Users/csev/Desktop/teach/ca4e-media/04-DigitalLogic/04-03-Digital-Latch.m4v (found 04-03-Digital-Latch.txt)
SKIP: /Users/csev/Desktop/teach/ca4e-media/04-DigitalLogic/04-11-Digital-Gates-Tool.m4v (found 04-11-Digital-Gates-Tool.txt)
SKIP: /Users/csev/Desktop/teach/ca4e-media/04-DigitalLogic/04-12-Digital-Gates-And.m4v (found 04-12-Digital-Gates-And.txt)
SKIP: /Users/csev/Desktop/teach/ca4e-media/04-DigitalLogic/04-13-Digital-Gates-Half.m4v (found 04-13-Digital-Gates-Half.txt)
SKIP: /Users/csev/Desktop/teach/ca4e-media/05-Clock/05-04-Digital-Clock.m4v (found 05-04-Digital-Clock.txt)
SKIP: /Users/csev/Desktop/teach/ca4e-media/05-Clock/05-05-Digital-CPU.m4v (found 05-05-Digital-CPU.txt)
SKIP: /Users/csev/Desktop/teach/ca4e-media/05-Clock/05-06-Digital-Code.m4v (found 05-06-Digital-Code.txt)
SKIP: /Users/csev/Desktop/teach/ca4e-media/05-Clock/05-14-Digital-Gates-Counter.m4v (found 05-14-Digital-Gates-Counter.txt)
SKIP: /Users/csev/Desktop/teach/ca4e-media/05-Clock/05-15-Digital-Gates-Instruction.m4v (found 05-15-Digital-Gates-Instruction.txt)
SKIP: /Users/csev/Desktop/teach/ca4e-media/06-CPU/06-01-CPU-Intro.m4v (found 06-01-CPU-Intro.txt)
SKIP: /Users/csev/Desktop/teach/ca4e-media/06-CPU/06-02-CPU-Hex.m4v (found 06-02-CPU-Hex.txt)
SKIP: /Users/csev/Desktop/teach/ca4e-media/06-CPU/06-03-CPU-Coding.m4v (found 06-03-CPU-Coding.txt)
SKIP: /Users/csev/Desktop/teach/ca4e-media/06-CPU/06-04-CPU-Arch.m4v (found 06-04-CPU-Arch.txt)
SKIP: /Users/csev/Desktop/teach/ca4e-media/06-CPU/06-05-CPU-Machine.m4v (found 06-05-CPU-Machine.txt)
SKIP: /Users/csev/Desktop/teach/ca4e-media/06-CPU/06-06-CPU-Assembly.m4v (found 06-06-CPU-Assembly.txt)
SKIP: /Users/csev/Desktop/teach/ca4e-media/06-CPU/06-11-CPU-6504-UI-Walkthrough.m4v (found 06-11-CPU-6504-UI-Walkthrough.txt)
SKIP: /Users/csev/Desktop/teach/ca4e-media/06-CPU/06-12-CPU-6504-Simple-Samples.m4v (found 06-12-CPU-6504-Simple-Samples.txt)
SKIP: /Users/csev/Desktop/teach/ca4e-media/06-CPU/06-13-CPU-6504-For-Loop.m4v (found 06-13-CPU-6504-For-Loop.txt)
SKIP: /Users/csev/Desktop/teach/ca4e-media/06-CPU/06-14-CPU-6504-If-Test.m4v (found 06-14-CPU-6504-If-Test.txt)
SKIP: /Users/csev/Desktop/teach/ca4e-media/06-CPU/06-15-CPU-6504-Upper.m4v (found 06-15-CPU-6504-Upper.txt)
SKIP: /Users/csev/Desktop/teach/ca4e-media/07-Emulator/07-07-CPU-Emulator.m4v (found 07-07-CPU-Emulator.txt)
SKIP: /Users/csev/Desktop/teach/ca4e-media/07-Emulator/07-08-CPU-History.m4v (found 07-08-CPU-History.txt)
SKIP: /Users/csev/Desktop/teach/ca4e-media/07-Emulator/07-11-WASM-Hello-JS.m4v (found 07-11-WASM-Hello-JS.txt)

==================================================
MEDIA: /Users/csev/Desktop/teach/ca4e-media/07-Emulator/07-12-WASM-Hello-C.m4v
TEMP WAV: /Users/csev/Desktop/teach/ca4e-media/07-Emulator/07-12-WASM-Hello-C.whisper-temp.wav
OUTPUT BASE: /Users/csev/Desktop/teach/ca4e-media/07-Emulator/07-12-WASM-Hello-C
STEP 1: Extracting audio with ffmpeg...
STEP 2: Running whisper-cli...
whisper_init_from_file_with_params_no_state: loading model from '/Users/csev/models/ggml-medium.bin'
whisper_init_with_params_no_state: use gpu    = 1
whisper_init_with_params_no_state: flash attn = 1
whisper_init_with_params_no_state: gpu_device = 0
whisper_init_with_params_no_state: dtw        = 0
ggml_metal_device_init: tensor API disabled for pre-M5 and pre-A19 devices
ggml_metal_library_init: using embedded metal library
ggml_metal_library_init: loaded in 0.025 sec
ggml_metal_rsets_init: creating a residency set collection (keep_alive = 180 s)
ggml_metal_device_init: GPU name:   Apple M1 Pro
ggml_metal_device_init: GPU family: MTLGPUFamilyApple7  (1007)
ggml_metal_device_init: GPU family: MTLGPUFamilyCommon3 (3003)
ggml_metal_device_init: GPU family: MTLGPUFamilyMetal4  (5002)
ggml_metal_device_init: simdgroup reduction   = true
ggml_metal_device_init: simdgroup matrix mul. = true
ggml_metal_device_init: has unified memory    = true
ggml_metal_device_init: has bfloat            = true
ggml_metal_device_init: has tensor            = false
ggml_metal_device_init: use residency sets    = true
ggml_metal_device_init: use shared buffers    = true
ggml_metal_device_init: recommendedMaxWorkingSetSize  = 26800.60 MB
whisper_init_with_params_no_state: devices    = 3
whisper_init_with_params_no_state: backends   = 3
whisper_model_load: loading model
whisper_model_load: n_vocab       = 51865
whisper_model_load: n_audio_ctx   = 1500
whisper_model_load: n_audio_state = 1024
whisper_model_load: n_audio_head  = 16
whisper_model_load: n_audio_layer = 24
whisper_model_load: n_text_ctx    = 448
whisper_model_load: n_text_state  = 1024
whisper_model_load: n_text_head   = 16
whisper_model_load: n_text_layer  = 24
whisper_model_load: n_mels        = 80
whisper_model_load: ftype         = 1
whisper_model_load: qntvr         = 0
whisper_model_load: type          = 4 (medium)
whisper_model_load: adding 1608 extra tokens
whisper_model_load: n_langs       = 99
whisper_model_load:        Metal total size =  1533.14 MB
whisper_model_load: model size    = 1533.14 MB
whisper_backend_init_gpu: device 0: Metal (type: 1)
whisper_backend_init_gpu: found GPU device 0: Metal (type: 1, cnt: 0)
whisper_backend_init_gpu: using Metal backend
ggml_metal_init: allocating
ggml_metal_init: found device: Apple M1 Pro
ggml_metal_init: picking default device: Apple M1 Pro
ggml_metal_init: use fusion         = true
ggml_metal_init: use concurrency    = true
ggml_metal_init: use graph optimize = true
whisper_backend_init: using BLAS backend
whisper_init_state: kv self size  =   50.33 MB
whisper_init_state: kv cross size =  150.99 MB
whisper_init_state: kv pad  size  =    6.29 MB
whisper_init_state: compute buffer (conv)   =   29.53 MB
whisper_init_state: compute buffer (encode) =   53.12 MB
whisper_init_state: compute buffer (cross)  =   20.02 MB
whisper_init_state: compute buffer (decode) =   99.12 MB

system_info: n_threads = 4 / 10 | WHISPER : COREML = 0 | OPENVINO = 0 | Metal : EMBED_LIBRARY = 1 | CPU : NEON = 1 | ARM_FMA = 1 | FP16_VA = 1 | DOTPROD = 1 | ACCELERATE = 1 | REPACK = 1 | 

main: processing '/Users/csev/Desktop/teach/ca4e-media/07-Emulator/07-12-WASM-Hello-C.whisper-temp.wav' (6541973 samples, 408.9 sec), 4 threads, 1 processors, 5 beams + best of 5, lang = en, task = transcribe, timestamps = 1 ...


[00:00:00.000 --> 00:00:06.000]   Hello and welcome to another walkthrough for computer architecture for everybody.
[00:00:06.000 --> 00:00:11.680]   In the previous walkthrough we went through a simple sort of Watt/WASM situation where we're
[00:00:11.680 --> 00:00:17.200]   talking to JavaScript. This is not really C code. It's hello world but it's not C code. This is
[00:00:17.200 --> 00:00:24.240]   WASM plus being run in a JavaScript context and the hello world is coming out of a console log
[00:00:24.240 --> 00:00:30.960]   function in JavaScript. I want to shift gears a little bit focusing still again on hello world
[00:00:30.960 --> 00:00:36.080]   and show you something for another one of my classes, C programming for everybody
[00:00:36.080 --> 00:00:41.840]   under the write C option. So in this course I have a C auto grader. Right now I'm just using the
[00:00:41.840 --> 00:00:47.520]   playground. You can write C programs and then compile them. So let's go ahead and write our C
[00:00:47.520 --> 00:00:52.640]   program. Now I'm going to hit the run code here and you'll see a little spinner going on and there's
[00:00:52.640 --> 00:00:57.520]   a bunch of work and if you do the view source and you watch the network I'm not going to show you
[00:00:57.520 --> 00:01:08.320]   the whole network. What you'll see is this C code is being sent up to the cc4e server using a piece
[00:01:08.320 --> 00:01:20.960]   of software called mscriptum which compiles C code and other things into WASM. Then this environment
[00:01:20.960 --> 00:01:26.000]   will download the WASM and I've got it watching for a string WASM in the network request and it
[00:01:26.000 --> 00:01:31.360]   will download that WASM and then it will execute the WASM and it will put the output here. I mean
[00:01:31.360 --> 00:01:37.040]   I already executed it but I made a change hello world exclamation. So in the next click it is going
[00:01:37.040 --> 00:01:45.680]   to compile it compile to WASM inside the server download the WASM back into the browser and then
[00:01:45.680 --> 00:01:52.240]   execute the WASM in JavaScript. So it's going to be sort of boring it's just going to work.
[00:01:52.240 --> 00:01:57.280]   Watch for the spinner in the middle here there goes to see the spinner was there for just like
[00:01:57.280 --> 00:02:04.240]   a quarter of a second. I ought to slow it down but it did that and there is this a.out WASM
[00:02:04.240 --> 00:02:10.640]   and if we take a look at the response yeah it's not going to show it to us because it's kind of
[00:02:10.640 --> 00:02:17.360]   binary stuff okay. So that was the WASM that came back. Now that WASM executed with a JavaScript
[00:02:17.360 --> 00:02:26.160]   framework to start that WASM up and then it printed hello world. Now standard io.h is in C printf is
[00:02:26.160 --> 00:02:34.080]   in the C standard library. So what has nscriptum done? Well what nscriptum has done is it has
[00:02:34.080 --> 00:02:42.000]   compiled all of the standard libraries into WASM it has compiled our code into WASM it's linked it
[00:02:42.000 --> 00:02:48.800]   all together and sent down a really big WASM because this #include if you don't see it just
[00:02:48.800 --> 00:02:56.160]   pulls a file in and so that got compiled into WASM too. So let's take a look at how much WASM
[00:02:56.160 --> 00:03:03.520]   really came down. So let's take a look here this is a dump of the WASM for hello world and there's
[00:03:03.520 --> 00:03:13.360]   a lot here but it's not that much right. It's we got let's see three c zero zero hex I don't know
[00:03:13.360 --> 00:03:18.560]   how big that is but I just scrolled through the whole thing but this is not just my hello world
[00:03:18.560 --> 00:03:25.760]   code this is hello world plus some of the standard library and some of the standard io.h all compiled
[00:03:25.760 --> 00:03:34.640]   into WASM. Now this now is self-contained as WASM code ready to run inside of the browser and that's
[00:03:34.640 --> 00:03:41.040]   of course what happened when it ran in the browser and out came hello world but there's a lot to it
[00:03:41.040 --> 00:03:45.680]   because we're pulling in the C libraries and converting them to WASM as well. So this is kind
[00:03:45.680 --> 00:03:52.640]   of an ugly version of it we can take a look at a little prettier version of it by looking at not
[00:03:52.640 --> 00:04:00.320]   much prettier we can look at the Watt and so we're looking at the Watt here this was written to be
[00:04:00.320 --> 00:04:06.320]   readable this is the Watt code editor for the hello world that's a pure WASM JavaScript example
[00:04:06.320 --> 00:04:11.680]   and you can kind of read it and you'll change it in your autograder in a bit. This is more like
[00:04:11.680 --> 00:04:17.920]   what WASM does because it ran the inscription compiler and produced the WASM and then I converted
[00:04:17.920 --> 00:04:23.840]   the WASM to Watt so that we could see it and we're not going to change this there's all kinds of
[00:04:23.840 --> 00:04:30.400]   stuff fd write fd close fd seek that's part of the standard library and you see it's really
[00:04:30.400 --> 00:04:36.960]   like busy stuff it's calling things and perhaps setting parameters and pushing them on the stack
[00:04:36.960 --> 00:04:41.920]   and calling them and making functions and uh do we have any loops here let's see if we can get to a
[00:04:41.920 --> 00:04:48.960]   loop there's a block right there's some there's some blocks there's some loops right and jumps
[00:04:48.960 --> 00:04:57.360]   and all kinds of stuff this is this is the output of a compiler that is writing to a pseudo machine
[00:04:57.360 --> 00:05:08.720]   language in Watt so I'll just scroll through this that is a lot of Watt okay and it's not very easy
[00:05:08.720 --> 00:05:18.400]   to see but it's pretty yummy and delicious to the runtime environment in JavaScript who has built
[00:05:18.400 --> 00:05:25.440]   an interpreter much like the interpreter we built for the CDC 6504 and it runs that as the
[00:05:25.440 --> 00:05:31.600]   interpreter okay so the key thing is is that I'm not going to spend a lot of time having you
[00:05:31.600 --> 00:05:37.280]   kind of learn to code Watt it's not intended for you to code it it's intended for compilers to
[00:05:37.280 --> 00:05:43.680]   produce it so just imagine that this C program that we're writing is really like a high performance
[00:05:43.680 --> 00:05:51.600]   maybe a video game shading library or something that would then get compiled into WASM which
[00:05:51.600 --> 00:05:58.320]   would be super high performant and then that WASM might be recompiled into raw machine language
[00:05:58.320 --> 00:06:04.720]   by my browser and then it'd be like super fast in the browser and that's the whole that's literally
[00:06:04.720 --> 00:06:11.280]   the whole point of WASM the WASM is to make it so you can write approaching machine code speed code
[00:06:11.280 --> 00:06:18.960]   in a portable safe sandboxed way running in the browser under the rules of JavaScript and
[00:06:18.960 --> 00:06:26.160]   inside that browser you can mix code from many sources and many trust domains and they can't
[00:06:26.160 --> 00:06:31.920]   harm each other because they're all running in individualized sandboxes okay so I hope that was
[00:06:31.920 --> 00:06:37.280]   a bit interesting about how we connect C programming and and WASM and how I use it
[00:06:37.280 --> 00:06:48.640]   in my C programming for everybody course. Cheers!
output_txt: saving output to '/Users/csev/Desktop/teach/ca4e-media/07-Emulator/07-12-WASM-Hello-C.txt'
output_vtt: saving output to '/Users/csev/Desktop/teach/ca4e-media/07-Emulator/07-12-WASM-Hello-C.vtt'
output_srt: saving output to '/Users/csev/Desktop/teach/ca4e-media/07-Emulator/07-12-WASM-Hello-C.srt'

whisper_print_timings:     load time =   872.87 ms
whisper_print_timings:     fallbacks =   0 p /   0 h
whisper_print_timings:      mel time =   156.07 ms
whisper_print_timings:   sample time =  1968.15 ms /  7076 runs (     0.28 ms per run)
whisper_print_timings:   encode time =  6424.22 ms /    16 runs (   401.51 ms per run)
whisper_print_timings:   decode time =   115.52 ms /    12 runs (     9.63 ms per run)
whisper_print_timings:   batchd time = 17726.35 ms /  6984 runs (     2.54 ms per run)
whisper_print_timings:   prompt time =  1243.66 ms /  3632 runs (     0.34 ms per run)
whisper_print_timings:    total time = 28999.27 ms
ggml_metal_free: deallocating
DONE: /Users/csev/Desktop/teach/ca4e-media/07-Emulator/07-12-WASM-Hello-C.m4v
TIMING:
  FFMPEG : 00:00:01
  WHISPER: 00:00:29
  TOTAL  : 00:00:30
SKIP: /Users/csev/Desktop/teach/ca4e-media/07-Emulator/07-13-WASM-Upper.m4v (found 07-13-WASM-Upper.txt)

==================================================
Batch finished: Sat Mar 21 13:29:32 EDT 2026
TOTAL=40
DONE=1
SKIPPED=39
FAILED=0
LOG=/Users/csev/Desktop/teach/ca4e-media/whisper-batch.log
==================================================
